{"/Users/apple/Desktop/Test-task/backend/src/middleware/auth.js": {"path":"/Users/apple/Desktop/Test-task/backend/src/middleware/auth.js","statementMap":{"0":{"start":{"line":5,"column":19},"end":{"line":5,"column":62}},"1":{"start":{"line":12,"column":27},"end":{"line":33,"column":1}},"2":{"start":{"line":13,"column":2},"end":{"line":32,"column":3}},"3":{"start":{"line":15,"column":20},"end":{"line":15,"column":49}},"4":{"start":{"line":18,"column":17},"end":{"line":18,"column":53}},"5":{"start":{"line":19,"column":4},"end":{"line":21,"column":5}},"6":{"start":{"line":20,"column":6},"end":{"line":20,"column":18}},"7":{"start":{"line":24,"column":4},"end":{"line":29,"column":6}},"8":{"start":{"line":31,"column":4},"end":{"line":31,"column":16}}},"fnMap":{"0":{"name":"(anonymous_0)","decl":{"start":{"line":12,"column":27},"end":{"line":12,"column":28}},"loc":{"start":{"line":12,"column":44},"end":{"line":33,"column":1}},"line":12}},"branchMap":{"0":{"loc":{"start":{"line":5,"column":19},"end":{"line":5,"column":62}},"type":"binary-expr","locations":[{"start":{"line":5,"column":19},"end":{"line":5,"column":41}},{"start":{"line":5,"column":45},"end":{"line":5,"column":62}}],"line":5},"1":{"loc":{"start":{"line":19,"column":4},"end":{"line":21,"column":5}},"type":"if","locations":[{"start":{"line":19,"column":4},"end":{"line":21,"column":5}},{"start":{},"end":{}}],"line":19}},"s":{"0":1,"1":1,"2":5,"3":5,"4":2,"5":2,"6":1,"7":1,"8":3},"f":{"0":5},"b":{"0":[1,0],"1":[1,1]},"_coverageSchema":"1a1c01bbd47fc00a2c39e90264f33305004495a9","hash":"3836f5697c14a006407e172543d35d69a1542395"}
,"/Users/apple/Desktop/Test-task/backend/src/models/Employee.js": {"path":"/Users/apple/Desktop/Test-task/backend/src/models/Employee.js","statementMap":{"0":{"start":{"line":4,"column":23},"end":{"line":87,"column":1}},"1":{"start":{"line":90,"column":0},"end":{"line":96,"column":3}},"2":{"start":{"line":99,"column":17},"end":{"line":99,"column":59}}},"fnMap":{},"branchMap":{},"s":{"0":2,"1":2,"2":2},"f":{},"b":{},"_coverageSchema":"1a1c01bbd47fc00a2c39e90264f33305004495a9","hash":"221351b4c6c0d8ce5598c93c3c7091d50e4d6c5c"}
,"/Users/apple/Desktop/Test-task/backend/src/models/User.js": {"path":"/Users/apple/Desktop/Test-task/backend/src/models/User.js","statementMap":{"0":{"start":{"line":4,"column":20},"end":{"line":7,"column":1}},"1":{"start":{"line":10,"column":19},"end":{"line":38,"column":1}},"2":{"start":{"line":41,"column":0},"end":{"line":53,"column":3}},"3":{"start":{"line":43,"column":2},"end":{"line":43,"column":50}},"4":{"start":{"line":43,"column":36},"end":{"line":43,"column":50}},"5":{"start":{"line":45,"column":2},"end":{"line":52,"column":3}},"6":{"start":{"line":47,"column":17},"end":{"line":47,"column":41}},"7":{"start":{"line":48,"column":4},"end":{"line":48,"column":59}},"8":{"start":{"line":49,"column":4},"end":{"line":49,"column":11}},"9":{"start":{"line":51,"column":4},"end":{"line":51,"column":16}},"10":{"start":{"line":56,"column":0},"end":{"line":58,"column":2}},"11":{"start":{"line":57,"column":2},"end":{"line":57,"column":58}},"12":{"start":{"line":61,"column":13},"end":{"line":61,"column":47}}},"fnMap":{"0":{"name":"(anonymous_0)","decl":{"start":{"line":41,"column":23},"end":{"line":41,"column":24}},"loc":{"start":{"line":41,"column":45},"end":{"line":53,"column":1}},"line":41},"1":{"name":"(anonymous_1)","decl":{"start":{"line":56,"column":37},"end":{"line":56,"column":38}},"loc":{"start":{"line":56,"column":72},"end":{"line":58,"column":1}},"line":56}},"branchMap":{"0":{"loc":{"start":{"line":43,"column":2},"end":{"line":43,"column":50}},"type":"if","locations":[{"start":{"line":43,"column":2},"end":{"line":43,"column":50}},{"start":{},"end":{}}],"line":43}},"s":{"0":4,"1":4,"2":4,"3":0,"4":0,"5":0,"6":0,"7":0,"8":0,"9":0,"10":4,"11":2,"12":4},"f":{"0":0,"1":2},"b":{"0":[0,0]},"_coverageSchema":"1a1c01bbd47fc00a2c39e90264f33305004495a9","hash":"b847989ee276a136ca977256e54a501f8f228908"}
,"/Users/apple/Desktop/Test-task/backend/src/resolvers/dashboardResolvers.js": {"path":"/Users/apple/Desktop/Test-task/backend/src/resolvers/dashboardResolvers.js","statementMap":{"0":{"start":{"line":4,"column":27},"end":{"line":59,"column":1}},"1":{"start":{"line":8,"column":6},"end":{"line":10,"column":7}},"2":{"start":{"line":9,"column":8},"end":{"line":9,"column":59}},"3":{"start":{"line":13,"column":29},"end":{"line":13,"column":60}},"4":{"start":{"line":16,"column":28},"end":{"line":16,"column":38}},"5":{"start":{"line":17,"column":6},"end":{"line":17,"column":58}},"6":{"start":{"line":18,"column":27},"end":{"line":20,"column":8}},"7":{"start":{"line":23,"column":31},"end":{"line":30,"column":8}},"8":{"start":{"line":32,"column":8},"end":{"line":34,"column":13}},"9":{"start":{"line":37,"column":32},"end":{"line":48,"column":8}},"10":{"start":{"line":49,"column":31},"end":{"line":49,"column":55}},"11":{"start":{"line":51,"column":6},"end":{"line":56,"column":8}}},"fnMap":{"0":{"name":"(anonymous_0)","decl":{"start":{"line":7,"column":20},"end":{"line":7,"column":21}},"loc":{"start":{"line":7,"column":47},"end":{"line":57,"column":5}},"line":7}},"branchMap":{"0":{"loc":{"start":{"line":8,"column":6},"end":{"line":10,"column":7}},"type":"if","locations":[{"start":{"line":8,"column":6},"end":{"line":10,"column":7}},{"start":{},"end":{}}],"line":8},"1":{"loc":{"start":{"line":32,"column":8},"end":{"line":34,"column":13}},"type":"cond-expr","locations":[{"start":{"line":33,"column":12},"end":{"line":33,"column":69}},{"start":{"line":34,"column":12},"end":{"line":34,"column":13}}],"line":32}},"s":{"0":1,"1":3,"2":1,"3":2,"4":2,"5":2,"6":2,"7":2,"8":2,"9":2,"10":2,"11":2},"f":{"0":3},"b":{"0":[1,2],"1":[1,1]},"_coverageSchema":"1a1c01bbd47fc00a2c39e90264f33305004495a9","hash":"e6483ce5623d7d52506757a3aa74c5bc5edb8176"}
,"/Users/apple/Desktop/Test-task/backend/src/resolvers/employeeResolvers.js": {"path":"/Users/apple/Desktop/Test-task/backend/src/resolvers/employeeResolvers.js","statementMap":{"0":{"start":{"line":5,"column":26},"end":{"line":258,"column":1}},"1":{"start":{"line":18,"column":6},"end":{"line":20,"column":7}},"2":{"start":{"line":19,"column":8},"end":{"line":19,"column":59}},"3":{"start":{"line":23,"column":24},"end":{"line":23,"column":26}},"4":{"start":{"line":26,"column":6},"end":{"line":28,"column":7}},"5":{"start":{"line":27,"column":8},"end":{"line":27,"column":53}},"6":{"start":{"line":31,"column":6},"end":{"line":33,"column":7}},"7":{"start":{"line":32,"column":8},"end":{"line":32,"column":49}},"8":{"start":{"line":36,"column":6},"end":{"line":38,"column":7}},"9":{"start":{"line":37,"column":8},"end":{"line":37,"column":39}},"10":{"start":{"line":41,"column":6},"end":{"line":45,"column":7}},"11":{"start":{"line":42,"column":8},"end":{"line":42,"column":27}},"12":{"start":{"line":43,"column":8},"end":{"line":43,"column":62}},"13":{"start":{"line":43,"column":27},"end":{"line":43,"column":62}},"14":{"start":{"line":44,"column":8},"end":{"line":44,"column":62}},"15":{"start":{"line":44,"column":27},"end":{"line":44,"column":62}},"16":{"start":{"line":48,"column":6},"end":{"line":52,"column":7}},"17":{"start":{"line":49,"column":8},"end":{"line":49,"column":34}},"18":{"start":{"line":50,"column":8},"end":{"line":50,"column":83}},"19":{"start":{"line":50,"column":34},"end":{"line":50,"column":83}},"20":{"start":{"line":51,"column":8},"end":{"line":51,"column":83}},"21":{"start":{"line":51,"column":34},"end":{"line":51,"column":83}},"22":{"start":{"line":55,"column":22},"end":{"line":55,"column":24}},"23":{"start":{"line":56,"column":6},"end":{"line":56,"column":53}},"24":{"start":{"line":59,"column":19},"end":{"line":59,"column":37}},"25":{"start":{"line":62,"column":25},"end":{"line":62,"column":65}},"26":{"start":{"line":63,"column":25},"end":{"line":63,"column":54}},"27":{"start":{"line":66,"column":24},"end":{"line":69,"column":21}},"28":{"start":{"line":71,"column":6},"end":{"line":96,"column":8}},"29":{"start":{"line":72,"column":46},"end":{"line":93,"column":9}},"30":{"start":{"line":101,"column":6},"end":{"line":103,"column":7}},"31":{"start":{"line":102,"column":8},"end":{"line":102,"column":59}},"32":{"start":{"line":105,"column":23},"end":{"line":105,"column":50}},"33":{"start":{"line":106,"column":6},"end":{"line":108,"column":7}},"34":{"start":{"line":107,"column":8},"end":{"line":107,"column":55}},"35":{"start":{"line":110,"column":6},"end":{"line":131,"column":8}},"36":{"start":{"line":138,"column":6},"end":{"line":140,"column":7}},"37":{"start":{"line":139,"column":8},"end":{"line":139,"column":59}},"38":{"start":{"line":143,"column":6},"end":{"line":145,"column":7}},"39":{"start":{"line":144,"column":8},"end":{"line":144,"column":71}},"40":{"start":{"line":148,"column":31},"end":{"line":148,"column":77}},"41":{"start":{"line":149,"column":6},"end":{"line":151,"column":7}},"42":{"start":{"line":150,"column":8},"end":{"line":150,"column":60}},"43":{"start":{"line":154,"column":23},"end":{"line":154,"column":42}},"44":{"start":{"line":155,"column":6},"end":{"line":155,"column":28}},"45":{"start":{"line":157,"column":6},"end":{"line":178,"column":8}},"46":{"start":{"line":187,"column":6},"end":{"line":189,"column":7}},"47":{"start":{"line":188,"column":8},"end":{"line":188,"column":59}},"48":{"start":{"line":192,"column":6},"end":{"line":194,"column":7}},"49":{"start":{"line":193,"column":8},"end":{"line":193,"column":71}},"50":{"start":{"line":197,"column":6},"end":{"line":206,"column":7}},"51":{"start":{"line":198,"column":33},"end":{"line":201,"column":10}},"52":{"start":{"line":203,"column":8},"end":{"line":205,"column":9}},"53":{"start":{"line":204,"column":10},"end":{"line":204,"column":62}},"54":{"start":{"line":209,"column":23},"end":{"line":209,"column":81}},"55":{"start":{"line":210,"column":6},"end":{"line":212,"column":7}},"56":{"start":{"line":211,"column":8},"end":{"line":211,"column":55}},"57":{"start":{"line":214,"column":6},"end":{"line":235,"column":8}},"58":{"start":{"line":240,"column":6},"end":{"line":242,"column":7}},"59":{"start":{"line":241,"column":8},"end":{"line":241,"column":59}},"60":{"start":{"line":245,"column":6},"end":{"line":247,"column":7}},"61":{"start":{"line":246,"column":8},"end":{"line":246,"column":71}},"62":{"start":{"line":250,"column":21},"end":{"line":250,"column":57}},"63":{"start":{"line":251,"column":6},"end":{"line":253,"column":7}},"64":{"start":{"line":252,"column":8},"end":{"line":252,"column":55}},"65":{"start":{"line":255,"column":6},"end":{"line":255,"column":18}}},"fnMap":{"0":{"name":"(anonymous_0)","decl":{"start":{"line":7,"column":18},"end":{"line":7,"column":19}},"loc":{"start":{"line":17,"column":9},"end":{"line":97,"column":5}},"line":17},"1":{"name":"(anonymous_1)","decl":{"start":{"line":72,"column":33},"end":{"line":72,"column":34}},"loc":{"start":{"line":72,"column":46},"end":{"line":93,"column":9}},"line":72},"2":{"name":"(anonymous_2)","decl":{"start":{"line":100,"column":17},"end":{"line":100,"column":18}},"loc":{"start":{"line":100,"column":48},"end":{"line":132,"column":5}},"line":100},"3":{"name":"(anonymous_3)","decl":{"start":{"line":137,"column":20},"end":{"line":137,"column":21}},"loc":{"start":{"line":137,"column":54},"end":{"line":179,"column":5}},"line":137},"4":{"name":"(anonymous_4)","decl":{"start":{"line":182,"column":20},"end":{"line":182,"column":21}},"loc":{"start":{"line":186,"column":9},"end":{"line":236,"column":5}},"line":186},"5":{"name":"(anonymous_5)","decl":{"start":{"line":239,"column":20},"end":{"line":239,"column":21}},"loc":{"start":{"line":239,"column":51},"end":{"line":256,"column":5}},"line":239}},"branchMap":{"0":{"loc":{"start":{"line":10,"column":8},"end":{"line":10,"column":16}},"type":"default-arg","locations":[{"start":{"line":10,"column":15},"end":{"line":10,"column":16}}],"line":10},"1":{"loc":{"start":{"line":11,"column":8},"end":{"line":11,"column":18}},"type":"default-arg","locations":[{"start":{"line":11,"column":16},"end":{"line":11,"column":18}}],"line":11},"2":{"loc":{"start":{"line":12,"column":8},"end":{"line":12,"column":19}},"type":"default-arg","locations":[{"start":{"line":12,"column":17},"end":{"line":12,"column":19}}],"line":12},"3":{"loc":{"start":{"line":13,"column":8},"end":{"line":13,"column":23}},"type":"default-arg","locations":[{"start":{"line":13,"column":17},"end":{"line":13,"column":23}}],"line":13},"4":{"loc":{"start":{"line":14,"column":8},"end":{"line":14,"column":25}},"type":"default-arg","locations":[{"start":{"line":14,"column":20},"end":{"line":14,"column":25}}],"line":14},"5":{"loc":{"start":{"line":18,"column":6},"end":{"line":20,"column":7}},"type":"if","locations":[{"start":{"line":18,"column":6},"end":{"line":20,"column":7}},{"start":{},"end":{}}],"line":18},"6":{"loc":{"start":{"line":26,"column":6},"end":{"line":28,"column":7}},"type":"if","locations":[{"start":{"line":26,"column":6},"end":{"line":28,"column":7}},{"start":{},"end":{}}],"line":26},"7":{"loc":{"start":{"line":31,"column":6},"end":{"line":33,"column":7}},"type":"if","locations":[{"start":{"line":31,"column":6},"end":{"line":33,"column":7}},{"start":{},"end":{}}],"line":31},"8":{"loc":{"start":{"line":36,"column":6},"end":{"line":38,"column":7}},"type":"if","locations":[{"start":{"line":36,"column":6},"end":{"line":38,"column":7}},{"start":{},"end":{}}],"line":36},"9":{"loc":{"start":{"line":41,"column":6},"end":{"line":45,"column":7}},"type":"if","locations":[{"start":{"line":41,"column":6},"end":{"line":45,"column":7}},{"start":{},"end":{}}],"line":41},"10":{"loc":{"start":{"line":41,"column":10},"end":{"line":41,"column":40}},"type":"binary-expr","locations":[{"start":{"line":41,"column":10},"end":{"line":41,"column":23}},{"start":{"line":41,"column":27},"end":{"line":41,"column":40}}],"line":41},"11":{"loc":{"start":{"line":43,"column":8},"end":{"line":43,"column":62}},"type":"if","locations":[{"start":{"line":43,"column":8},"end":{"line":43,"column":62}},{"start":{},"end":{}}],"line":43},"12":{"loc":{"start":{"line":44,"column":8},"end":{"line":44,"column":62}},"type":"if","locations":[{"start":{"line":44,"column":8},"end":{"line":44,"column":62}},{"start":{},"end":{}}],"line":44},"13":{"loc":{"start":{"line":48,"column":6},"end":{"line":52,"column":7}},"type":"if","locations":[{"start":{"line":48,"column":6},"end":{"line":52,"column":7}},{"start":{},"end":{}}],"line":48},"14":{"loc":{"start":{"line":48,"column":10},"end":{"line":48,"column":54}},"type":"binary-expr","locations":[{"start":{"line":48,"column":10},"end":{"line":48,"column":30}},{"start":{"line":48,"column":34},"end":{"line":48,"column":54}}],"line":48},"15":{"loc":{"start":{"line":50,"column":8},"end":{"line":50,"column":83}},"type":"if","locations":[{"start":{"line":50,"column":8},"end":{"line":50,"column":83}},{"start":{},"end":{}}],"line":50},"16":{"loc":{"start":{"line":51,"column":8},"end":{"line":51,"column":83}},"type":"if","locations":[{"start":{"line":51,"column":8},"end":{"line":51,"column":83}},{"start":{},"end":{}}],"line":51},"17":{"loc":{"start":{"line":56,"column":24},"end":{"line":56,"column":52}},"type":"cond-expr","locations":[{"start":{"line":56,"column":46},"end":{"line":56,"column":47}},{"start":{"line":56,"column":50},"end":{"line":56,"column":52}}],"line":56},"18":{"loc":{"start":{"line":101,"column":6},"end":{"line":103,"column":7}},"type":"if","locations":[{"start":{"line":101,"column":6},"end":{"line":103,"column":7}},{"start":{},"end":{}}],"line":101},"19":{"loc":{"start":{"line":106,"column":6},"end":{"line":108,"column":7}},"type":"if","locations":[{"start":{"line":106,"column":6},"end":{"line":108,"column":7}},{"start":{},"end":{}}],"line":106},"20":{"loc":{"start":{"line":138,"column":6},"end":{"line":140,"column":7}},"type":"if","locations":[{"start":{"line":138,"column":6},"end":{"line":140,"column":7}},{"start":{},"end":{}}],"line":138},"21":{"loc":{"start":{"line":143,"column":6},"end":{"line":145,"column":7}},"type":"if","locations":[{"start":{"line":143,"column":6},"end":{"line":145,"column":7}},{"start":{},"end":{}}],"line":143},"22":{"loc":{"start":{"line":149,"column":6},"end":{"line":151,"column":7}},"type":"if","locations":[{"start":{"line":149,"column":6},"end":{"line":151,"column":7}},{"start":{},"end":{}}],"line":149},"23":{"loc":{"start":{"line":187,"column":6},"end":{"line":189,"column":7}},"type":"if","locations":[{"start":{"line":187,"column":6},"end":{"line":189,"column":7}},{"start":{},"end":{}}],"line":187},"24":{"loc":{"start":{"line":192,"column":6},"end":{"line":194,"column":7}},"type":"if","locations":[{"start":{"line":192,"column":6},"end":{"line":194,"column":7}},{"start":{},"end":{}}],"line":192},"25":{"loc":{"start":{"line":197,"column":6},"end":{"line":206,"column":7}},"type":"if","locations":[{"start":{"line":197,"column":6},"end":{"line":206,"column":7}},{"start":{},"end":{}}],"line":197},"26":{"loc":{"start":{"line":203,"column":8},"end":{"line":205,"column":9}},"type":"if","locations":[{"start":{"line":203,"column":8},"end":{"line":205,"column":9}},{"start":{},"end":{}}],"line":203},"27":{"loc":{"start":{"line":210,"column":6},"end":{"line":212,"column":7}},"type":"if","locations":[{"start":{"line":210,"column":6},"end":{"line":212,"column":7}},{"start":{},"end":{}}],"line":210},"28":{"loc":{"start":{"line":240,"column":6},"end":{"line":242,"column":7}},"type":"if","locations":[{"start":{"line":240,"column":6},"end":{"line":242,"column":7}},{"start":{},"end":{}}],"line":240},"29":{"loc":{"start":{"line":245,"column":6},"end":{"line":247,"column":7}},"type":"if","locations":[{"start":{"line":245,"column":6},"end":{"line":247,"column":7}},{"start":{},"end":{}}],"line":245},"30":{"loc":{"start":{"line":251,"column":6},"end":{"line":253,"column":7}},"type":"if","locations":[{"start":{"line":251,"column":6},"end":{"line":253,"column":7}},{"start":{},"end":{}}],"line":251}},"s":{"0":1,"1":2,"2":1,"3":1,"4":1,"5":0,"6":1,"7":0,"8":1,"9":0,"10":1,"11":0,"12":0,"13":0,"14":0,"15":0,"16":1,"17":0,"18":0,"19":0,"20":0,"21":0,"22":1,"23":1,"24":1,"25":1,"26":1,"27":1,"28":1,"29":1,"30":3,"31":1,"32":2,"33":2,"34":1,"35":1,"36":4,"37":1,"38":3,"39":1,"40":2,"41":2,"42":1,"43":1,"44":1,"45":1,"46":5,"47":1,"48":4,"49":1,"50":3,"51":1,"52":1,"53":1,"54":2,"55":2,"56":1,"57":1,"58":3,"59":1,"60":2,"61":1,"62":1,"63":1,"64":1,"65":0},"f":{"0":2,"1":1,"2":3,"3":4,"4":5,"5":3},"b":{"0":[1],"1":[1],"2":[1],"3":[1],"4":[1],"5":[1,1],"6":[0,1],"7":[0,1],"8":[0,1],"9":[0,1],"10":[1,1],"11":[0,0],"12":[0,0],"13":[0,1],"14":[1,1],"15":[0,0],"16":[0,0],"17":[1,0],"18":[1,2],"19":[1,1],"20":[1,3],"21":[1,2],"22":[1,1],"23":[1,4],"24":[1,3],"25":[1,2],"26":[1,0],"27":[1,1],"28":[1,2],"29":[1,1],"30":[1,0]},"_coverageSchema":"1a1c01bbd47fc00a2c39e90264f33305004495a9","hash":"e1584be8a7f2d8007cdd130ba0cddf6df038e424"}
,"/Users/apple/Desktop/Test-task/backend/src/resolvers/userResolvers.js": {"path":"/Users/apple/Desktop/Test-task/backend/src/resolvers/userResolvers.js","statementMap":{"0":{"start":{"line":7,"column":19},"end":{"line":7,"column":62}},"1":{"start":{"line":9,"column":22},"end":{"line":185,"column":1}},"2":{"start":{"line":13,"column":6},"end":{"line":15,"column":7}},"3":{"start":{"line":14,"column":8},"end":{"line":14,"column":59}},"4":{"start":{"line":17,"column":24},"end":{"line":17,"column":52}},"5":{"start":{"line":18,"column":6},"end":{"line":20,"column":7}},"6":{"start":{"line":19,"column":8},"end":{"line":19,"column":56}},"7":{"start":{"line":22,"column":6},"end":{"line":29,"column":8}},"8":{"start":{"line":36,"column":46},"end":{"line":36,"column":51}},"9":{"start":{"line":39,"column":27},"end":{"line":39,"column":56}},"10":{"start":{"line":40,"column":6},"end":{"line":42,"column":7}},"11":{"start":{"line":41,"column":8},"end":{"line":41,"column":60}},"12":{"start":{"line":45,"column":19},"end":{"line":50,"column":8}},"13":{"start":{"line":52,"column":6},"end":{"line":52,"column":24}},"14":{"start":{"line":55,"column":20},"end":{"line":66,"column":7}},"15":{"start":{"line":68,"column":6},"end":{"line":68,"column":23}},"16":{"start":{"line":74,"column":19},"end":{"line":74,"column":48}},"17":{"start":{"line":75,"column":6},"end":{"line":77,"column":7}},"18":{"start":{"line":76,"column":8},"end":{"line":76,"column":62}},"19":{"start":{"line":80,"column":22},"end":{"line":80,"column":58}},"20":{"start":{"line":81,"column":6},"end":{"line":83,"column":7}},"21":{"start":{"line":82,"column":8},"end":{"line":82,"column":62}},"22":{"start":{"line":86,"column":20},"end":{"line":97,"column":7}},"23":{"start":{"line":99,"column":6},"end":{"line":99,"column":23}},"24":{"start":{"line":104,"column":6},"end":{"line":106,"column":7}},"25":{"start":{"line":105,"column":8},"end":{"line":105,"column":59}},"26":{"start":{"line":108,"column":30},"end":{"line":108,"column":35}},"27":{"start":{"line":111,"column":6},"end":{"line":116,"column":7}},"28":{"start":{"line":112,"column":29},"end":{"line":112,"column":81}},"29":{"start":{"line":113,"column":8},"end":{"line":115,"column":9}},"30":{"start":{"line":114,"column":10},"end":{"line":114,"column":62}},"31":{"start":{"line":119,"column":26},"end":{"line":126,"column":7}},"32":{"start":{"line":128,"column":6},"end":{"line":130,"column":7}},"33":{"start":{"line":129,"column":8},"end":{"line":129,"column":51}},"34":{"start":{"line":132,"column":6},"end":{"line":139,"column":8}},"35":{"start":{"line":148,"column":6},"end":{"line":150,"column":7}},"36":{"start":{"line":149,"column":8},"end":{"line":149,"column":59}},"37":{"start":{"line":153,"column":24},"end":{"line":153,"column":52}},"38":{"start":{"line":154,"column":6},"end":{"line":156,"column":7}},"39":{"start":{"line":155,"column":8},"end":{"line":155,"column":51}},"40":{"start":{"line":159,"column":22},"end":{"line":159,"column":70}},"41":{"start":{"line":160,"column":6},"end":{"line":165,"column":7}},"42":{"start":{"line":161,"column":8},"end":{"line":164,"column":10}},"43":{"start":{"line":168,"column":6},"end":{"line":173,"column":7}},"44":{"start":{"line":169,"column":8},"end":{"line":172,"column":10}},"45":{"start":{"line":176,"column":6},"end":{"line":176,"column":39}},"46":{"start":{"line":177,"column":6},"end":{"line":177,"column":29}},"47":{"start":{"line":179,"column":6},"end":{"line":182,"column":8}}},"fnMap":{"0":{"name":"(anonymous_0)","decl":{"start":{"line":12,"column":8},"end":{"line":12,"column":9}},"loc":{"start":{"line":12,"column":35},"end":{"line":30,"column":5}},"line":12},"1":{"name":"(anonymous_1)","decl":{"start":{"line":35,"column":14},"end":{"line":35,"column":15}},"loc":{"start":{"line":35,"column":38},"end":{"line":69,"column":5}},"line":35},"2":{"name":"(anonymous_2)","decl":{"start":{"line":72,"column":11},"end":{"line":72,"column":12}},"loc":{"start":{"line":72,"column":45},"end":{"line":100,"column":5}},"line":72},"3":{"name":"(anonymous_3)","decl":{"start":{"line":103,"column":19},"end":{"line":103,"column":20}},"loc":{"start":{"line":103,"column":53},"end":{"line":140,"column":5}},"line":103},"4":{"name":"(anonymous_4)","decl":{"start":{"line":143,"column":20},"end":{"line":143,"column":21}},"loc":{"start":{"line":147,"column":9},"end":{"line":183,"column":5}},"line":147}},"branchMap":{"0":{"loc":{"start":{"line":7,"column":19},"end":{"line":7,"column":62}},"type":"binary-expr","locations":[{"start":{"line":7,"column":19},"end":{"line":7,"column":41}},{"start":{"line":7,"column":45},"end":{"line":7,"column":62}}],"line":7},"1":{"loc":{"start":{"line":13,"column":6},"end":{"line":15,"column":7}},"type":"if","locations":[{"start":{"line":13,"column":6},"end":{"line":15,"column":7}},{"start":{},"end":{}}],"line":13},"2":{"loc":{"start":{"line":18,"column":6},"end":{"line":20,"column":7}},"type":"if","locations":[{"start":{"line":18,"column":6},"end":{"line":20,"column":7}},{"start":{},"end":{}}],"line":18},"3":{"loc":{"start":{"line":40,"column":6},"end":{"line":42,"column":7}},"type":"if","locations":[{"start":{"line":40,"column":6},"end":{"line":42,"column":7}},{"start":{},"end":{}}],"line":40},"4":{"loc":{"start":{"line":49,"column":14},"end":{"line":49,"column":35}},"type":"binary-expr","locations":[{"start":{"line":49,"column":14},"end":{"line":49,"column":18}},{"start":{"line":49,"column":22},"end":{"line":49,"column":35}}],"line":49},"5":{"loc":{"start":{"line":75,"column":6},"end":{"line":77,"column":7}},"type":"if","locations":[{"start":{"line":75,"column":6},"end":{"line":77,"column":7}},{"start":{},"end":{}}],"line":75},"6":{"loc":{"start":{"line":81,"column":6},"end":{"line":83,"column":7}},"type":"if","locations":[{"start":{"line":81,"column":6},"end":{"line":83,"column":7}},{"start":{},"end":{}}],"line":81},"7":{"loc":{"start":{"line":104,"column":6},"end":{"line":106,"column":7}},"type":"if","locations":[{"start":{"line":104,"column":6},"end":{"line":106,"column":7}},{"start":{},"end":{}}],"line":104},"8":{"loc":{"start":{"line":111,"column":6},"end":{"line":116,"column":7}},"type":"if","locations":[{"start":{"line":111,"column":6},"end":{"line":116,"column":7}},{"start":{},"end":{}}],"line":111},"9":{"loc":{"start":{"line":113,"column":8},"end":{"line":115,"column":9}},"type":"if","locations":[{"start":{"line":113,"column":8},"end":{"line":115,"column":9}},{"start":{},"end":{}}],"line":113},"10":{"loc":{"start":{"line":122,"column":16},"end":{"line":122,"column":33}},"type":"binary-expr","locations":[{"start":{"line":122,"column":16},"end":{"line":122,"column":20}},{"start":{"line":122,"column":24},"end":{"line":122,"column":33}}],"line":122},"11":{"loc":{"start":{"line":123,"column":17},"end":{"line":123,"column":35}},"type":"binary-expr","locations":[{"start":{"line":123,"column":17},"end":{"line":123,"column":22}},{"start":{"line":123,"column":26},"end":{"line":123,"column":35}}],"line":123},"12":{"loc":{"start":{"line":128,"column":6},"end":{"line":130,"column":7}},"type":"if","locations":[{"start":{"line":128,"column":6},"end":{"line":130,"column":7}},{"start":{},"end":{}}],"line":128},"13":{"loc":{"start":{"line":148,"column":6},"end":{"line":150,"column":7}},"type":"if","locations":[{"start":{"line":148,"column":6},"end":{"line":150,"column":7}},{"start":{},"end":{}}],"line":148},"14":{"loc":{"start":{"line":154,"column":6},"end":{"line":156,"column":7}},"type":"if","locations":[{"start":{"line":154,"column":6},"end":{"line":156,"column":7}},{"start":{},"end":{}}],"line":154},"15":{"loc":{"start":{"line":160,"column":6},"end":{"line":165,"column":7}},"type":"if","locations":[{"start":{"line":160,"column":6},"end":{"line":165,"column":7}},{"start":{},"end":{}}],"line":160},"16":{"loc":{"start":{"line":168,"column":6},"end":{"line":173,"column":7}},"type":"if","locations":[{"start":{"line":168,"column":6},"end":{"line":173,"column":7}},{"start":{},"end":{}}],"line":168}},"s":{"0":1,"1":1,"2":3,"3":1,"4":2,"5":2,"6":1,"7":1,"8":2,"9":2,"10":2,"11":1,"12":1,"13":1,"14":1,"15":1,"16":3,"17":3,"18":1,"19":2,"20":2,"21":1,"22":1,"23":1,"24":4,"25":1,"26":3,"27":3,"28":2,"29":2,"30":1,"31":2,"32":2,"33":1,"34":1,"35":5,"36":1,"37":4,"38":4,"39":1,"40":3,"41":3,"42":1,"43":2,"44":1,"45":1,"46":1,"47":1},"f":{"0":3,"1":2,"2":3,"3":4,"4":5},"b":{"0":[1,0],"1":[1,2],"2":[1,1],"3":[1,1],"4":[1,0],"5":[1,2],"6":[1,1],"7":[1,3],"8":[2,1],"9":[1,1],"10":[2,0],"11":[2,1],"12":[1,1],"13":[1,4],"14":[1,3],"15":[1,2],"16":[1,1]},"_coverageSchema":"1a1c01bbd47fc00a2c39e90264f33305004495a9","hash":"13024e3d46190c8622c066028ff9d749b7861429"}
,"/Users/apple/Desktop/Test-task/backend/src/utils/errors.js": {"path":"/Users/apple/Desktop/Test-task/backend/src/utils/errors.js","statementMap":{"0":{"start":{"line":4,"column":4},"end":{"line":4,"column":19}},"1":{"start":{"line":5,"column":4},"end":{"line":5,"column":38}},"2":{"start":{"line":11,"column":4},"end":{"line":11,"column":19}},"3":{"start":{"line":12,"column":4},"end":{"line":12,"column":33}},"4":{"start":{"line":18,"column":4},"end":{"line":18,"column":19}},"5":{"start":{"line":19,"column":4},"end":{"line":19,"column":33}}},"fnMap":{"0":{"name":"(anonymous_0)","decl":{"start":{"line":3,"column":2},"end":{"line":3,"column":3}},"loc":{"start":{"line":3,"column":23},"end":{"line":6,"column":3}},"line":3},"1":{"name":"(anonymous_1)","decl":{"start":{"line":10,"column":2},"end":{"line":10,"column":3}},"loc":{"start":{"line":10,"column":23},"end":{"line":13,"column":3}},"line":10},"2":{"name":"(anonymous_2)","decl":{"start":{"line":17,"column":2},"end":{"line":17,"column":3}},"loc":{"start":{"line":17,"column":23},"end":{"line":20,"column":3}},"line":17}},"branchMap":{},"s":{"0":11,"1":11,"2":4,"3":4,"4":12,"5":12},"f":{"0":11,"1":4,"2":12},"b":{},"_coverageSchema":"1a1c01bbd47fc00a2c39e90264f33305004495a9","hash":"564daf187bf271a23306605f55f5221f760b7399"}
}
