TN:
SF:src/middleware/auth.js
FN:12,(anonymous_0)
FNF:1
FNH:1
FNDA:5,(anonymous_0)
DA:5,1
DA:12,1
DA:13,5
DA:15,5
DA:18,2
DA:19,2
DA:20,1
DA:24,1
DA:31,3
LF:9
LH:9
BRDA:5,0,0,1
BRDA:5,0,1,0
BRDA:19,1,0,1
BRDA:19,1,1,1
BRF:4
BRH:3
end_of_record
TN:
SF:src/models/Employee.js
FNF:0
FNH:0
DA:4,2
DA:90,2
DA:99,2
LF:3
LH:3
BRF:0
BRH:0
end_of_record
TN:
SF:src/models/User.js
FN:41,(anonymous_0)
FN:56,(anonymous_1)
FNF:2
FNH:1
FNDA:0,(anonymous_0)
FNDA:2,(anonymous_1)
DA:4,4
DA:10,4
DA:41,4
DA:43,0
DA:45,0
DA:47,0
DA:48,0
DA:49,0
DA:51,0
DA:56,4
DA:57,2
DA:61,4
LF:12
LH:6
BRDA:43,0,0,0
BRDA:43,0,1,0
BRF:2
BRH:0
end_of_record
TN:
SF:src/resolvers/dashboardResolvers.js
FN:7,(anonymous_0)
FNF:1
FNH:1
FNDA:3,(anonymous_0)
DA:4,1
DA:8,3
DA:9,1
DA:13,2
DA:16,2
DA:17,2
DA:18,2
DA:23,2
DA:32,2
DA:37,2
DA:49,2
DA:51,2
LF:12
LH:12
BRDA:8,0,0,1
BRDA:8,0,1,2
BRDA:32,1,0,1
BRDA:32,1,1,1
BRF:4
BRH:4
end_of_record
TN:
SF:src/resolvers/employeeResolvers.js
FN:7,(anonymous_0)
FN:72,(anonymous_1)
FN:100,(anonymous_2)
FN:137,(anonymous_3)
FN:182,(anonymous_4)
FN:239,(anonymous_5)
FNF:6
FNH:6
FNDA:2,(anonymous_0)
FNDA:1,(anonymous_1)
FNDA:3,(anonymous_2)
FNDA:4,(anonymous_3)
FNDA:5,(anonymous_4)
FNDA:3,(anonymous_5)
DA:5,1
DA:18,2
DA:19,1
DA:23,1
DA:26,1
DA:27,0
DA:31,1
DA:32,0
DA:36,1
DA:37,0
DA:41,1
DA:42,0
DA:43,0
DA:44,0
DA:48,1
DA:49,0
DA:50,0
DA:51,0
DA:55,1
DA:56,1
DA:59,1
DA:62,1
DA:63,1
DA:66,1
DA:71,1
DA:72,1
DA:101,3
DA:102,1
DA:105,2
DA:106,2
DA:107,1
DA:110,1
DA:138,4
DA:139,1
DA:143,3
DA:144,1
DA:148,2
DA:149,2
DA:150,1
DA:154,1
DA:155,1
DA:157,1
DA:187,5
DA:188,1
DA:192,4
DA:193,1
DA:197,3
DA:198,1
DA:203,1
DA:204,1
DA:209,2
DA:210,2
DA:211,1
DA:214,1
DA:240,3
DA:241,1
DA:245,2
DA:246,1
DA:250,1
DA:251,1
DA:252,1
DA:255,0
LF:62
LH:52
BRDA:10,0,0,1
BRDA:11,1,0,1
BRDA:12,2,0,1
BRDA:13,3,0,1
BRDA:14,4,0,1
BRDA:18,5,0,1
BRDA:18,5,1,1
BRDA:26,6,0,0
BRDA:26,6,1,1
BRDA:31,7,0,0
BRDA:31,7,1,1
BRDA:36,8,0,0
BRDA:36,8,1,1
BRDA:41,9,0,0
BRDA:41,9,1,1
BRDA:41,10,0,1
BRDA:41,10,1,1
BRDA:43,11,0,0
BRDA:43,11,1,0
BRDA:44,12,0,0
BRDA:44,12,1,0
BRDA:48,13,0,0
BRDA:48,13,1,1
BRDA:48,14,0,1
BRDA:48,14,1,1
BRDA:50,15,0,0
BRDA:50,15,1,0
BRDA:51,16,0,0
BRDA:51,16,1,0
BRDA:56,17,0,1
BRDA:56,17,1,0
BRDA:101,18,0,1
BRDA:101,18,1,2
BRDA:106,19,0,1
BRDA:106,19,1,1
BRDA:138,20,0,1
BRDA:138,20,1,3
BRDA:143,21,0,1
BRDA:143,21,1,2
BRDA:149,22,0,1
BRDA:149,22,1,1
BRDA:187,23,0,1
BRDA:187,23,1,4
BRDA:192,24,0,1
BRDA:192,24,1,3
BRDA:197,25,0,1
BRDA:197,25,1,2
BRDA:203,26,0,1
BRDA:203,26,1,0
BRDA:210,27,0,1
BRDA:210,27,1,1
BRDA:240,28,0,1
BRDA:240,28,1,2
BRDA:245,29,0,1
BRDA:245,29,1,1
BRDA:251,30,0,1
BRDA:251,30,1,0
BRF:57
BRH:41
end_of_record
TN:
SF:src/resolvers/userResolvers.js
FN:12,(anonymous_0)
FN:35,(anonymous_1)
FN:72,(anonymous_2)
FN:103,(anonymous_3)
FN:143,(anonymous_4)
FNF:5
FNH:5
FNDA:3,(anonymous_0)
FNDA:2,(anonymous_1)
FNDA:3,(anonymous_2)
FNDA:4,(anonymous_3)
FNDA:5,(anonymous_4)
DA:7,1
DA:9,1
DA:13,3
DA:14,1
DA:17,2
DA:18,2
DA:19,1
DA:22,1
DA:36,2
DA:39,2
DA:40,2
DA:41,1
DA:45,1
DA:52,1
DA:55,1
DA:68,1
DA:74,3
DA:75,3
DA:76,1
DA:80,2
DA:81,2
DA:82,1
DA:86,1
DA:99,1
DA:104,4
DA:105,1
DA:108,3
DA:111,3
DA:112,2
DA:113,2
DA:114,1
DA:119,2
DA:128,2
DA:129,1
DA:132,1
DA:148,5
DA:149,1
DA:153,4
DA:154,4
DA:155,1
DA:159,3
DA:160,3
DA:161,1
DA:168,2
DA:169,1
DA:176,1
DA:177,1
DA:179,1
LF:48
LH:48
BRDA:7,0,0,1
BRDA:7,0,1,0
BRDA:13,1,0,1
BRDA:13,1,1,2
BRDA:18,2,0,1
BRDA:18,2,1,1
BRDA:40,3,0,1
BRDA:40,3,1,1
BRDA:49,4,0,1
BRDA:49,4,1,0
BRDA:75,5,0,1
BRDA:75,5,1,2
BRDA:81,6,0,1
BRDA:81,6,1,1
BRDA:104,7,0,1
BRDA:104,7,1,3
BRDA:111,8,0,2
BRDA:111,8,1,1
BRDA:113,9,0,1
BRDA:113,9,1,1
BRDA:122,10,0,2
BRDA:122,10,1,0
BRDA:123,11,0,2
BRDA:123,11,1,1
BRDA:128,12,0,1
BRDA:128,12,1,1
BRDA:148,13,0,1
BRDA:148,13,1,4
BRDA:154,14,0,1
BRDA:154,14,1,3
BRDA:160,15,0,1
BRDA:160,15,1,2
BRDA:168,16,0,1
BRDA:168,16,1,1
BRF:34
BRH:31
end_of_record
TN:
SF:src/utils/errors.js
FN:3,(anonymous_0)
FN:10,(anonymous_1)
FN:17,(anonymous_2)
FNF:3
FNH:3
FNDA:11,(anonymous_0)
FNDA:4,(anonymous_1)
FNDA:12,(anonymous_2)
DA:4,11
DA:5,11
DA:11,4
DA:12,4
DA:18,12
DA:19,12
LF:6
LH:6
BRF:0
BRH:0
end_of_record
